{"$message_type":"diagnostic","message":"found crate `futures_core` compiled by an incompatible version of rustc","code":{"code":"E0514","explanation":"Dependency compiled with different version of `rustc`.\n\nExample of erroneous code:\n\n`a.rs`\n```ignore (cannot-link-with-other-tests)\n// compiled with stable `rustc`\n\n#[crate_type = \"lib\"]\n```\n\n`b.rs`\n```ignore (cannot-link-with-other-tests)\n// compiled with nightly `rustc`\n\n#[crate_type = \"lib\"]\n\nextern crate a; // error: found crate `a` compiled by an incompatible version\n                //        of rustc\n```\n\nThis error is caused when the version of `rustc` used to compile a crate, as\nstored in the binary's metadata, differs from the version of one of its\ndependencies. Many parts of Rust binaries are considered unstable. For\ninstance, the Rust ABI is not stable between compiler versions. This means that\nthe compiler cannot be sure about *how* to call a function between compiler\nversions, and therefore this error occurs.\n\nThis error can be fixed by:\n * Using [Cargo](../cargo/index.html), the Rust package manager and\n   [Rustup](https://rust-lang.github.io/rustup/), the Rust toolchain installer,\n   automatically fixing this issue.\n * Recompiling the crates with a uniform `rustc` version.\n"},"level":"error","spans":[{"file_name":"/home/lilguy/.cargo/registry/src/index.crates.io-6f17d22bba15001f/async-stream-0.3.5/src/next.rs","byte_start":4,"byte_end":16,"line_start":1,"line_end":1,"column_start":5,"column_end":17,"is_primary":true,"text":[{"text":"use futures_core::Stream;","highlight_start":5,"highlight_end":17}],"label":null,"suggested_replacement":null,"suggestion_applicability":null,"expansion":null}],"children":[{"message":"the following crate versions were found:\ncrate `futures_core` compiled by rustc 1.83.0-nightly (94885bc69 2024-09-01): /home/lilguy/Projects/TheNet/gdelt_fetcher/models/target/debug/deps/libfutures_core-0304b23c3bb4e21a.rmeta","code":null,"level":"note","spans":[],"children":[],"rendered":null},{"message":"please recompile that crate using this compiler (rustc 1.84.0-nightly (a0d98ff0e 2024-10-31)) (consider running `cargo clean` first)","code":null,"level":"help","spans":[],"children":[],"rendered":null}],"rendered":"\u001b[0m\u001b[1m\u001b[38;5;9merror[E0514]\u001b[0m\u001b[0m\u001b[1m: found crate `futures_core` compiled by an incompatible version of rustc\u001b[0m\n\u001b[0m \u001b[0m\u001b[0m\u001b[1m\u001b[38;5;12m--> \u001b[0m\u001b[0m/home/lilguy/.cargo/registry/src/index.crates.io-6f17d22bba15001f/async-stream-0.3.5/src/next.rs:1:5\u001b[0m\n\u001b[0m  \u001b[0m\u001b[0m\u001b[1m\u001b[38;5;12m|\u001b[0m\n\u001b[0m\u001b[1m\u001b[38;5;12m1\u001b[0m\u001b[0m \u001b[0m\u001b[0m\u001b[1m\u001b[38;5;12m|\u001b[0m\u001b[0m \u001b[0m\u001b[0muse futures_core::Stream;\u001b[0m\n\u001b[0m  \u001b[0m\u001b[0m\u001b[1m\u001b[38;5;12m|\u001b[0m\u001b[0m     \u001b[0m\u001b[0m\u001b[1m\u001b[38;5;9m^^^^^^^^^^^^\u001b[0m\n\u001b[0m  \u001b[0m\u001b[0m\u001b[1m\u001b[38;5;12m|\u001b[0m\n\u001b[0m  \u001b[0m\u001b[0m\u001b[1m\u001b[38;5;12m= \u001b[0m\u001b[0m\u001b[1mnote\u001b[0m\u001b[0m: the following crate versions were found:\u001b[0m\n\u001b[0m          crate `futures_core` compiled by rustc 1.83.0-nightly (94885bc69 2024-09-01): /home/lilguy/Projects/TheNet/gdelt_fetcher/models/target/debug/deps/libfutures_core-0304b23c3bb4e21a.rmeta\u001b[0m\n\u001b[0m  \u001b[0m\u001b[0m\u001b[1m\u001b[38;5;12m= \u001b[0m\u001b[0m\u001b[1mhelp\u001b[0m\u001b[0m: please recompile that crate using this compiler (rustc 1.84.0-nightly (a0d98ff0e 2024-10-31)) (consider running `cargo clean` first)\u001b[0m\n\n"}
{"$message_type":"diagnostic","message":"found crate `futures_core` compiled by an incompatible version of rustc","code":{"code":"E0514","explanation":"Dependency compiled with different version of `rustc`.\n\nExample of erroneous code:\n\n`a.rs`\n```ignore (cannot-link-with-other-tests)\n// compiled with stable `rustc`\n\n#[crate_type = \"lib\"]\n```\n\n`b.rs`\n```ignore (cannot-link-with-other-tests)\n// compiled with nightly `rustc`\n\n#[crate_type = \"lib\"]\n\nextern crate a; // error: found crate `a` compiled by an incompatible version\n                //        of rustc\n```\n\nThis error is caused when the version of `rustc` used to compile a crate, as\nstored in the binary's metadata, differs from the version of one of its\ndependencies. Many parts of Rust binaries are considered unstable. For\ninstance, the Rust ABI is not stable between compiler versions. This means that\nthe compiler cannot be sure about *how* to call a function between compiler\nversions, and therefore this error occurs.\n\nThis error can be fixed by:\n * Using [Cargo](../cargo/index.html), the Rust package manager and\n   [Rustup](https://rust-lang.github.io/rustup/), the Rust toolchain installer,\n   automatically fixing this issue.\n * Recompiling the crates with a uniform `rustc` version.\n"},"level":"error","spans":[{"file_name":"/home/lilguy/.cargo/registry/src/index.crates.io-6f17d22bba15001f/async-stream-0.3.5/src/async_stream.rs","byte_start":35,"byte_end":47,"line_start":3,"line_end":3,"column_start":5,"column_end":17,"is_primary":true,"text":[{"text":"use futures_core::{FusedStream, Stream};","highlight_start":5,"highlight_end":17}],"label":null,"suggested_replacement":null,"suggestion_applicability":null,"expansion":null}],"children":[{"message":"the following crate versions were found:\ncrate `futures_core` compiled by rustc 1.83.0-nightly (94885bc69 2024-09-01): /home/lilguy/Projects/TheNet/gdelt_fetcher/models/target/debug/deps/libfutures_core-0304b23c3bb4e21a.rmeta","code":null,"level":"note","spans":[],"children":[],"rendered":null},{"message":"please recompile that crate using this compiler (rustc 1.84.0-nightly (a0d98ff0e 2024-10-31)) (consider running `cargo clean` first)","code":null,"level":"help","spans":[],"children":[],"rendered":null}],"rendered":"\u001b[0m\u001b[1m\u001b[38;5;9merror[E0514]\u001b[0m\u001b[0m\u001b[1m: found crate `futures_core` compiled by an incompatible version of rustc\u001b[0m\n\u001b[0m \u001b[0m\u001b[0m\u001b[1m\u001b[38;5;12m--> \u001b[0m\u001b[0m/home/lilguy/.cargo/registry/src/index.crates.io-6f17d22bba15001f/async-stream-0.3.5/src/async_stream.rs:3:5\u001b[0m\n\u001b[0m  \u001b[0m\u001b[0m\u001b[1m\u001b[38;5;12m|\u001b[0m\n\u001b[0m\u001b[1m\u001b[38;5;12m3\u001b[0m\u001b[0m \u001b[0m\u001b[0m\u001b[1m\u001b[38;5;12m|\u001b[0m\u001b[0m \u001b[0m\u001b[0muse futures_core::{FusedStream, Stream};\u001b[0m\n\u001b[0m  \u001b[0m\u001b[0m\u001b[1m\u001b[38;5;12m|\u001b[0m\u001b[0m     \u001b[0m\u001b[0m\u001b[1m\u001b[38;5;9m^^^^^^^^^^^^\u001b[0m\n\u001b[0m  \u001b[0m\u001b[0m\u001b[1m\u001b[38;5;12m|\u001b[0m\n\u001b[0m  \u001b[0m\u001b[0m\u001b[1m\u001b[38;5;12m= \u001b[0m\u001b[0m\u001b[1mnote\u001b[0m\u001b[0m: the following crate versions were found:\u001b[0m\n\u001b[0m          crate `futures_core` compiled by rustc 1.83.0-nightly (94885bc69 2024-09-01): /home/lilguy/Projects/TheNet/gdelt_fetcher/models/target/debug/deps/libfutures_core-0304b23c3bb4e21a.rmeta\u001b[0m\n\u001b[0m  \u001b[0m\u001b[0m\u001b[1m\u001b[38;5;12m= \u001b[0m\u001b[0m\u001b[1mhelp\u001b[0m\u001b[0m: please recompile that crate using this compiler (rustc 1.84.0-nightly (a0d98ff0e 2024-10-31)) (consider running `cargo clean` first)\u001b[0m\n\n"}
{"$message_type":"diagnostic","message":"found crate `pin_project_lite` compiled by an incompatible version of rustc","code":{"code":"E0514","explanation":"Dependency compiled with different version of `rustc`.\n\nExample of erroneous code:\n\n`a.rs`\n```ignore (cannot-link-with-other-tests)\n// compiled with stable `rustc`\n\n#[crate_type = \"lib\"]\n```\n\n`b.rs`\n```ignore (cannot-link-with-other-tests)\n// compiled with nightly `rustc`\n\n#[crate_type = \"lib\"]\n\nextern crate a; // error: found crate `a` compiled by an incompatible version\n                //        of rustc\n```\n\nThis error is caused when the version of `rustc` used to compile a crate, as\nstored in the binary's metadata, differs from the version of one of its\ndependencies. Many parts of Rust binaries are considered unstable. For\ninstance, the Rust ABI is not stable between compiler versions. This means that\nthe compiler cannot be sure about *how* to call a function between compiler\nversions, and therefore this error occurs.\n\nThis error can be fixed by:\n * Using [Cargo](../cargo/index.html), the Rust package manager and\n   [Rustup](https://rust-lang.github.io/rustup/), the Rust toolchain installer,\n   automatically fixing this issue.\n * Recompiling the crates with a uniform `rustc` version.\n"},"level":"error","spans":[{"file_name":"/home/lilguy/.cargo/registry/src/index.crates.io-6f17d22bba15001f/async-stream-0.3.5/src/async_stream.rs","byte_start":76,"byte_end":92,"line_start":4,"line_end":4,"column_start":5,"column_end":21,"is_primary":true,"text":[{"text":"use pin_project_lite::pin_project;","highlight_start":5,"highlight_end":21}],"label":null,"suggested_replacement":null,"suggestion_applicability":null,"expansion":null}],"children":[{"message":"the following crate versions were found:\ncrate `pin_project_lite` compiled by rustc 1.83.0-nightly (94885bc69 2024-09-01): /home/lilguy/Projects/TheNet/gdelt_fetcher/models/target/debug/deps/libpin_project_lite-8d9b539be668dfa3.rmeta","code":null,"level":"note","spans":[],"children":[],"rendered":null},{"message":"please recompile that crate using this compiler (rustc 1.84.0-nightly (a0d98ff0e 2024-10-31)) (consider running `cargo clean` first)","code":null,"level":"help","spans":[],"children":[],"rendered":null}],"rendered":"\u001b[0m\u001b[1m\u001b[38;5;9merror[E0514]\u001b[0m\u001b[0m\u001b[1m: found crate `pin_project_lite` compiled by an incompatible version of rustc\u001b[0m\n\u001b[0m \u001b[0m\u001b[0m\u001b[1m\u001b[38;5;12m--> \u001b[0m\u001b[0m/home/lilguy/.cargo/registry/src/index.crates.io-6f17d22bba15001f/async-stream-0.3.5/src/async_stream.rs:4:5\u001b[0m\n\u001b[0m  \u001b[0m\u001b[0m\u001b[1m\u001b[38;5;12m|\u001b[0m\n\u001b[0m\u001b[1m\u001b[38;5;12m4\u001b[0m\u001b[0m \u001b[0m\u001b[0m\u001b[1m\u001b[38;5;12m|\u001b[0m\u001b[0m \u001b[0m\u001b[0muse pin_project_lite::pin_project;\u001b[0m\n\u001b[0m  \u001b[0m\u001b[0m\u001b[1m\u001b[38;5;12m|\u001b[0m\u001b[0m     \u001b[0m\u001b[0m\u001b[1m\u001b[38;5;9m^^^^^^^^^^^^^^^^\u001b[0m\n\u001b[0m  \u001b[0m\u001b[0m\u001b[1m\u001b[38;5;12m|\u001b[0m\n\u001b[0m  \u001b[0m\u001b[0m\u001b[1m\u001b[38;5;12m= \u001b[0m\u001b[0m\u001b[1mnote\u001b[0m\u001b[0m: the following crate versions were found:\u001b[0m\n\u001b[0m          crate `pin_project_lite` compiled by rustc 1.83.0-nightly (94885bc69 2024-09-01): /home/lilguy/Projects/TheNet/gdelt_fetcher/models/target/debug/deps/libpin_project_lite-8d9b539be668dfa3.rmeta\u001b[0m\n\u001b[0m  \u001b[0m\u001b[0m\u001b[1m\u001b[38;5;12m= \u001b[0m\u001b[0m\u001b[1mhelp\u001b[0m\u001b[0m: please recompile that crate using this compiler (rustc 1.84.0-nightly (a0d98ff0e 2024-10-31)) (consider running `cargo clean` first)\u001b[0m\n\n"}
{"$message_type":"diagnostic","message":"unresolved import `crate::async_stream::AsyncStream`","code":{"code":"E0432","explanation":"An import was unresolved.\n\nErroneous code example:\n\n```compile_fail,E0432\nuse something::Foo; // error: unresolved import `something::Foo`.\n```\n\nIn Rust 2015, paths in `use` statements are relative to the crate root. To\nimport items relative to the current and parent modules, use the `self::` and\n`super::` prefixes, respectively.\n\nIn Rust 2018 or later, paths in `use` statements are relative to the current\nmodule unless they begin with the name of a crate or a literal `crate::`, in\nwhich case they start from the crate root. As in Rust 2015 code, the `self::`\nand `super::` prefixes refer to the current and parent modules respectively.\n\nAlso verify that you didn't misspell the import name and that the import exists\nin the module from where you tried to import it. Example:\n\n```\nuse self::something::Foo; // Ok.\n\nmod something {\n    pub struct Foo;\n}\n# fn main() {}\n```\n\nIf you tried to use a module from an external crate and are using Rust 2015,\nyou may have missed the `extern crate` declaration (which is usually placed in\nthe crate root):\n\n```edition2015\nextern crate core; // Required to use the `core` crate in Rust 2015.\n\nuse core::any;\n# fn main() {}\n```\n\nSince Rust 2018 the `extern crate` declaration is not required and\nyou can instead just `use` it:\n\n```edition2018\nuse core::any; // No extern crate required in Rust 2018.\n# fn main() {}\n```\n"},"level":"error","spans":[{"file_name":"/home/lilguy/.cargo/registry/src/index.crates.io-6f17d22bba15001f/async-stream-0.3.5/src/lib.rs","byte_start":6052,"byte_end":6084,"line_start":236,"line_end":236,"column_start":13,"column_end":45,"is_primary":true,"text":[{"text":"    pub use crate::async_stream::AsyncStream;","highlight_start":13,"highlight_end":45}],"label":"no `AsyncStream` in `async_stream`","suggested_replacement":null,"suggestion_applicability":null,"expansion":null}],"children":[],"rendered":"\u001b[0m\u001b[1m\u001b[38;5;9merror[E0432]\u001b[0m\u001b[0m\u001b[1m: unresolved import `crate::async_stream::AsyncStream`\u001b[0m\n\u001b[0m   \u001b[0m\u001b[0m\u001b[1m\u001b[38;5;12m--> \u001b[0m\u001b[0m/home/lilguy/.cargo/registry/src/index.crates.io-6f17d22bba15001f/async-stream-0.3.5/src/lib.rs:236:13\u001b[0m\n\u001b[0m    \u001b[0m\u001b[0m\u001b[1m\u001b[38;5;12m|\u001b[0m\n\u001b[0m\u001b[1m\u001b[38;5;12m236\u001b[0m\u001b[0m \u001b[0m\u001b[0m\u001b[1m\u001b[38;5;12m|\u001b[0m\u001b[0m \u001b[0m\u001b[0m    pub use crate::async_stream::AsyncStream;\u001b[0m\n\u001b[0m    \u001b[0m\u001b[0m\u001b[1m\u001b[38;5;12m|\u001b[0m\u001b[0m             \u001b[0m\u001b[0m\u001b[1m\u001b[38;5;9m^^^^^^^^^^^^^^^^^^^^^^^^^^^^^^^^\u001b[0m\u001b[0m \u001b[0m\u001b[0m\u001b[1m\u001b[38;5;9mno `AsyncStream` in `async_stream`\u001b[0m\n\n"}
{"$message_type":"diagnostic","message":"cannot find type `AsyncStream` in this scope","code":{"code":"E0412","explanation":"A used type name is not in scope.\n\nErroneous code examples:\n\n```compile_fail,E0412\nimpl Something {} // error: type name `Something` is not in scope\n\n// or:\n\ntrait Foo {\n    fn bar(N); // error: type name `N` is not in scope\n}\n\n// or:\n\nfn foo(x: T) {} // type name `T` is not in scope\n```\n\nTo fix this error, please verify you didn't misspell the type name, you did\ndeclare it or imported it into the scope. Examples:\n\n```\nstruct Something;\n\nimpl Something {} // ok!\n\n// or:\n\ntrait Foo {\n    type N;\n\n    fn bar(_: Self::N); // ok!\n}\n\n// or:\n\nfn foo<T>(x: T) {} // ok!\n```\n\nAnother case that causes this error is when a type is imported into a parent\nmodule. To fix this, you can follow the suggestion and use File directly or\n`use super::File;` which will import the types from the parent namespace. An\nexample that causes this error is below:\n\n```compile_fail,E0412\nuse std::fs::File;\n\nmod foo {\n    fn some_function(f: File) {}\n}\n```\n\n```\nuse std::fs::File;\n\nmod foo {\n    // either\n    use super::File;\n    // or\n    // use std::fs::File;\n    fn foo(f: File) {}\n}\n# fn main() {} // don't insert it for us; that'll break imports\n```\n"},"level":"error","spans":[{"file_name":"/home/lilguy/.cargo/registry/src/index.crates.io-6f17d22bba15001f/async-stream-0.3.5/src/async_stream.rs","byte_start":376,"byte_end":387,"line_start":20,"line_end":20,"column_start":12,"column_end":23,"is_primary":true,"text":[{"text":"impl<T, U> AsyncStream<T, U> {","highlight_start":12,"highlight_end":23}],"label":"not found in this scope","suggested_replacement":null,"suggestion_applicability":null,"expansion":null}],"children":[],"rendered":"\u001b[0m\u001b[1m\u001b[38;5;9merror[E0412]\u001b[0m\u001b[0m\u001b[1m: cannot find type `AsyncStream` in this scope\u001b[0m\n\u001b[0m  \u001b[0m\u001b[0m\u001b[1m\u001b[38;5;12m--> \u001b[0m\u001b[0m/home/lilguy/.cargo/registry/src/index.crates.io-6f17d22bba15001f/async-stream-0.3.5/src/async_stream.rs:20:12\u001b[0m\n\u001b[0m   \u001b[0m\u001b[0m\u001b[1m\u001b[38;5;12m|\u001b[0m\n\u001b[0m\u001b[1m\u001b[38;5;12m20\u001b[0m\u001b[0m \u001b[0m\u001b[0m\u001b[1m\u001b[38;5;12m|\u001b[0m\u001b[0m \u001b[0m\u001b[0mimpl<T, U> AsyncStream<T, U> {\u001b[0m\n\u001b[0m   \u001b[0m\u001b[0m\u001b[1m\u001b[38;5;12m|\u001b[0m\u001b[0m            \u001b[0m\u001b[0m\u001b[1m\u001b[38;5;9m^^^^^^^^^^^\u001b[0m\u001b[0m \u001b[0m\u001b[0m\u001b[1m\u001b[38;5;9mnot found in this scope\u001b[0m\n\n"}
{"$message_type":"diagnostic","message":"cannot find type `AsyncStream` in this scope","code":{"code":"E0412","explanation":"A used type name is not in scope.\n\nErroneous code examples:\n\n```compile_fail,E0412\nimpl Something {} // error: type name `Something` is not in scope\n\n// or:\n\ntrait Foo {\n    fn bar(N); // error: type name `N` is not in scope\n}\n\n// or:\n\nfn foo(x: T) {} // type name `T` is not in scope\n```\n\nTo fix this error, please verify you didn't misspell the type name, you did\ndeclare it or imported it into the scope. Examples:\n\n```\nstruct Something;\n\nimpl Something {} // ok!\n\n// or:\n\ntrait Foo {\n    type N;\n\n    fn bar(_: Self::N); // ok!\n}\n\n// or:\n\nfn foo<T>(x: T) {} // ok!\n```\n\nAnother case that causes this error is when a type is imported into a parent\nmodule. To fix this, you can follow the suggestion and use File directly or\n`use super::File;` which will import the types from the parent namespace. An\nexample that causes this error is below:\n\n```compile_fail,E0412\nuse std::fs::File;\n\nmod foo {\n    fn some_function(f: File) {}\n}\n```\n\n```\nuse std::fs::File;\n\nmod foo {\n    // either\n    use super::File;\n    // or\n    // use std::fs::File;\n    fn foo(f: File) {}\n}\n# fn main() {} // don't insert it for us; that'll break imports\n```\n"},"level":"error","spans":[{"file_name":"/home/lilguy/.cargo/registry/src/index.crates.io-6f17d22bba15001f/async-stream-0.3.5/src/async_stream.rs","byte_start":464,"byte_end":475,"line_start":22,"line_end":22,"column_start":50,"column_end":61,"is_primary":true,"text":[{"text":"    pub fn new(rx: Receiver<T>, generator: U) -> AsyncStream<T, U> {","highlight_start":50,"highlight_end":61}],"label":"not found in this scope","suggested_replacement":null,"suggestion_applicability":null,"expansion":null}],"children":[],"rendered":"\u001b[0m\u001b[1m\u001b[38;5;9merror[E0412]\u001b[0m\u001b[0m\u001b[1m: cannot find type `AsyncStream` in this scope\u001b[0m\n\u001b[0m  \u001b[0m\u001b[0m\u001b[1m\u001b[38;5;12m--> \u001b[0m\u001b[0m/home/lilguy/.cargo/registry/src/index.crates.io-6f17d22bba15001f/async-stream-0.3.5/src/async_stream.rs:22:50\u001b[0m\n\u001b[0m   \u001b[0m\u001b[0m\u001b[1m\u001b[38;5;12m|\u001b[0m\n\u001b[0m\u001b[1m\u001b[38;5;12m22\u001b[0m\u001b[0m \u001b[0m\u001b[0m\u001b[1m\u001b[38;5;12m|\u001b[0m\u001b[0m \u001b[0m\u001b[0m    pub fn new(rx: Receiver<T>, generator: U) -> AsyncStream<T, U> {\u001b[0m\n\u001b[0m   \u001b[0m\u001b[0m\u001b[1m\u001b[38;5;12m|\u001b[0m\u001b[0m                                                  \u001b[0m\u001b[0m\u001b[1m\u001b[38;5;9m^^^^^^^^^^^\u001b[0m\u001b[0m \u001b[0m\u001b[0m\u001b[1m\u001b[38;5;9mnot found in this scope\u001b[0m\n\n"}
{"$message_type":"diagnostic","message":"cannot find struct, variant or union type `AsyncStream` in this scope","code":{"code":"E0422","explanation":"An identifier that is neither defined nor a struct was used.\n\nErroneous code example:\n\n```compile_fail,E0422\nfn main () {\n    let x = Foo { x: 1, y: 2 };\n}\n```\n\nIn this case, `Foo` is undefined, so it inherently isn't anything, and\ndefinitely not a struct.\n\n```compile_fail\nfn main () {\n    let foo = 1;\n    let x = foo { x: 1, y: 2 };\n}\n```\n\nIn this case, `foo` is defined, but is not a struct, so Rust can't use it as\none.\n"},"level":"error","spans":[{"file_name":"/home/lilguy/.cargo/registry/src/index.crates.io-6f17d22bba15001f/async-stream-0.3.5/src/async_stream.rs","byte_start":492,"byte_end":503,"line_start":23,"line_end":23,"column_start":9,"column_end":20,"is_primary":true,"text":[{"text":"        AsyncStream {","highlight_start":9,"highlight_end":20}],"label":"not found in this scope","suggested_replacement":null,"suggestion_applicability":null,"expansion":null}],"children":[],"rendered":"\u001b[0m\u001b[1m\u001b[38;5;9merror[E0422]\u001b[0m\u001b[0m\u001b[1m: cannot find struct, variant or union type `AsyncStream` in this scope\u001b[0m\n\u001b[0m  \u001b[0m\u001b[0m\u001b[1m\u001b[38;5;12m--> \u001b[0m\u001b[0m/home/lilguy/.cargo/registry/src/index.crates.io-6f17d22bba15001f/async-stream-0.3.5/src/async_stream.rs:23:9\u001b[0m\n\u001b[0m   \u001b[0m\u001b[0m\u001b[1m\u001b[38;5;12m|\u001b[0m\n\u001b[0m\u001b[1m\u001b[38;5;12m23\u001b[0m\u001b[0m \u001b[0m\u001b[0m\u001b[1m\u001b[38;5;12m|\u001b[0m\u001b[0m \u001b[0m\u001b[0m        AsyncStream {\u001b[0m\n\u001b[0m   \u001b[0m\u001b[0m\u001b[1m\u001b[38;5;12m|\u001b[0m\u001b[0m         \u001b[0m\u001b[0m\u001b[1m\u001b[38;5;9m^^^^^^^^^^^\u001b[0m\u001b[0m \u001b[0m\u001b[0m\u001b[1m\u001b[38;5;9mnot found in this scope\u001b[0m\n\n"}
{"$message_type":"diagnostic","message":"cannot find type `AsyncStream` in this scope","code":{"code":"E0412","explanation":"A used type name is not in scope.\n\nErroneous code examples:\n\n```compile_fail,E0412\nimpl Something {} // error: type name `Something` is not in scope\n\n// or:\n\ntrait Foo {\n    fn bar(N); // error: type name `N` is not in scope\n}\n\n// or:\n\nfn foo(x: T) {} // type name `T` is not in scope\n```\n\nTo fix this error, please verify you didn't misspell the type name, you did\ndeclare it or imported it into the scope. Examples:\n\n```\nstruct Something;\n\nimpl Something {} // ok!\n\n// or:\n\ntrait Foo {\n    type N;\n\n    fn bar(_: Self::N); // ok!\n}\n\n// or:\n\nfn foo<T>(x: T) {} // ok!\n```\n\nAnother case that causes this error is when a type is imported into a parent\nmodule. To fix this, you can follow the suggestion and use File directly or\n`use super::File;` which will import the types from the parent namespace. An\nexample that causes this error is below:\n\n```compile_fail,E0412\nuse std::fs::File;\n\nmod foo {\n    fn some_function(f: File) {}\n}\n```\n\n```\nuse std::fs::File;\n\nmod foo {\n    // either\n    use super::File;\n    // or\n    // use std::fs::File;\n    fn foo(f: File) {}\n}\n# fn main() {} // don't insert it for us; that'll break imports\n```\n"},"level":"error","spans":[{"file_name":"/home/lilguy/.cargo/registry/src/index.crates.io-6f17d22bba15001f/async-stream-0.3.5/src/async_stream.rs","byte_start":616,"byte_end":627,"line_start":31,"line_end":31,"column_start":28,"column_end":39,"is_primary":true,"text":[{"text":"impl<T, U> FusedStream for AsyncStream<T, U>","highlight_start":28,"highlight_end":39}],"label":"not found in this scope","suggested_replacement":null,"suggestion_applicability":null,"expansion":null}],"children":[],"rendered":"\u001b[0m\u001b[1m\u001b[38;5;9merror[E0412]\u001b[0m\u001b[0m\u001b[1m: cannot find type `AsyncStream` in this scope\u001b[0m\n\u001b[0m  \u001b[0m\u001b[0m\u001b[1m\u001b[38;5;12m--> \u001b[0m\u001b[0m/home/lilguy/.cargo/registry/src/index.crates.io-6f17d22bba15001f/async-stream-0.3.5/src/async_stream.rs:31:28\u001b[0m\n\u001b[0m   \u001b[0m\u001b[0m\u001b[1m\u001b[38;5;12m|\u001b[0m\n\u001b[0m\u001b[1m\u001b[38;5;12m31\u001b[0m\u001b[0m \u001b[0m\u001b[0m\u001b[1m\u001b[38;5;12m|\u001b[0m\u001b[0m \u001b[0m\u001b[0mimpl<T, U> FusedStream for AsyncStream<T, U>\u001b[0m\n\u001b[0m   \u001b[0m\u001b[0m\u001b[1m\u001b[38;5;12m|\u001b[0m\u001b[0m                            \u001b[0m\u001b[0m\u001b[1m\u001b[38;5;9m^^^^^^^^^^^\u001b[0m\u001b[0m \u001b[0m\u001b[0m\u001b[1m\u001b[38;5;9mnot found in this scope\u001b[0m\n\n"}
{"$message_type":"diagnostic","message":"cannot find type `AsyncStream` in this scope","code":{"code":"E0412","explanation":"A used type name is not in scope.\n\nErroneous code examples:\n\n```compile_fail,E0412\nimpl Something {} // error: type name `Something` is not in scope\n\n// or:\n\ntrait Foo {\n    fn bar(N); // error: type name `N` is not in scope\n}\n\n// or:\n\nfn foo(x: T) {} // type name `T` is not in scope\n```\n\nTo fix this error, please verify you didn't misspell the type name, you did\ndeclare it or imported it into the scope. Examples:\n\n```\nstruct Something;\n\nimpl Something {} // ok!\n\n// or:\n\ntrait Foo {\n    type N;\n\n    fn bar(_: Self::N); // ok!\n}\n\n// or:\n\nfn foo<T>(x: T) {} // ok!\n```\n\nAnother case that causes this error is when a type is imported into a parent\nmodule. To fix this, you can follow the suggestion and use File directly or\n`use super::File;` which will import the types from the parent namespace. An\nexample that causes this error is below:\n\n```compile_fail,E0412\nuse std::fs::File;\n\nmod foo {\n    fn some_function(f: File) {}\n}\n```\n\n```\nuse std::fs::File;\n\nmod foo {\n    // either\n    use super::File;\n    // or\n    // use std::fs::File;\n    fn foo(f: File) {}\n}\n# fn main() {} // don't insert it for us; that'll break imports\n```\n"},"level":"error","spans":[{"file_name":"/home/lilguy/.cargo/registry/src/index.crates.io-6f17d22bba15001f/async-stream-0.3.5/src/async_stream.rs","byte_start":757,"byte_end":768,"line_start":40,"line_end":40,"column_start":23,"column_end":34,"is_primary":true,"text":[{"text":"impl<T, U> Stream for AsyncStream<T, U>","highlight_start":23,"highlight_end":34}],"label":"not found in this scope","suggested_replacement":null,"suggestion_applicability":null,"expansion":null}],"children":[],"rendered":"\u001b[0m\u001b[1m\u001b[38;5;9merror[E0412]\u001b[0m\u001b[0m\u001b[1m: cannot find type `AsyncStream` in this scope\u001b[0m\n\u001b[0m  \u001b[0m\u001b[0m\u001b[1m\u001b[38;5;12m--> \u001b[0m\u001b[0m/home/lilguy/.cargo/registry/src/index.crates.io-6f17d22bba15001f/async-stream-0.3.5/src/async_stream.rs:40:23\u001b[0m\n\u001b[0m   \u001b[0m\u001b[0m\u001b[1m\u001b[38;5;12m|\u001b[0m\n\u001b[0m\u001b[1m\u001b[38;5;12m40\u001b[0m\u001b[0m \u001b[0m\u001b[0m\u001b[1m\u001b[38;5;12m|\u001b[0m\u001b[0m \u001b[0m\u001b[0mimpl<T, U> Stream for AsyncStream<T, U>\u001b[0m\n\u001b[0m   \u001b[0m\u001b[0m\u001b[1m\u001b[38;5;12m|\u001b[0m\u001b[0m                       \u001b[0m\u001b[0m\u001b[1m\u001b[38;5;9m^^^^^^^^^^^\u001b[0m\u001b[0m \u001b[0m\u001b[0m\u001b[1m\u001b[38;5;9mnot found in this scope\u001b[0m\n\n"}
{"$message_type":"diagnostic","message":"aborting due to 9 previous errors","code":null,"level":"error","spans":[],"children":[],"rendered":"\u001b[0m\u001b[1m\u001b[38;5;9merror\u001b[0m\u001b[0m\u001b[1m: aborting due to 9 previous errors\u001b[0m\n\n"}
{"$message_type":"diagnostic","message":"Some errors have detailed explanations: E0412, E0422, E0432, E0514.","code":null,"level":"failure-note","spans":[],"children":[],"rendered":"\u001b[0m\u001b[1mSome errors have detailed explanations: E0412, E0422, E0432, E0514.\u001b[0m\n"}
{"$message_type":"diagnostic","message":"For more information about an error, try `rustc --explain E0412`.","code":null,"level":"failure-note","spans":[],"children":[],"rendered":"\u001b[0m\u001b[1mFor more information about an error, try `rustc --explain E0412`.\u001b[0m\n"}
